Started GET "/" for 127.0.0.1 at 2022-06-06 16:16:25 +0000
Processing by Rails::WelcomeController#index as */*
  Rendering /usr/local/bundle/gems/railties-7.0.3/lib/rails/templates/rails/welcome/index.html.erb
  Rendered /usr/local/bundle/gems/railties-7.0.3/lib/rails/templates/rails/welcome/index.html.erb (Duration: 10.5ms | Allocations: 831)
Completed 200 OK in 77ms (Views: 38.4ms | Allocations: 4766)


Started GET "/" for 127.0.0.1 at 2022-06-06 16:17:14 +0000
Processing by Rails::WelcomeController#index as */*
  Rendering /usr/local/bundle/gems/railties-7.0.3/lib/rails/templates/rails/welcome/index.html.erb
  Rendered /usr/local/bundle/gems/railties-7.0.3/lib/rails/templates/rails/welcome/index.html.erb (Duration: 0.6ms | Allocations: 405)
Completed 200 OK in 2ms (Views: 1.6ms | Allocations: 1392)


Started GET "/" for 127.0.0.1 at 2022-06-06 16:17:24 +0000
Processing by Rails::WelcomeController#index as */*
  Rendering /usr/local/bundle/gems/railties-7.0.3/lib/rails/templates/rails/welcome/index.html.erb
  Rendered /usr/local/bundle/gems/railties-7.0.3/lib/rails/templates/rails/welcome/index.html.erb (Duration: 2.8ms | Allocations: 725)
Completed 200 OK in 20ms (Views: 9.9ms | Allocations: 3901)


Started GET "/" for 127.0.0.1 at 2022-06-06 16:18:53 +0000
Processing by Rails::WelcomeController#index as */*
  Rendering /usr/local/bundle/gems/railties-7.0.3/lib/rails/templates/rails/welcome/index.html.erb
  Rendered /usr/local/bundle/gems/railties-7.0.3/lib/rails/templates/rails/welcome/index.html.erb (Duration: 0.5ms | Allocations: 405)
Completed 200 OK in 2ms (Views: 1.4ms | Allocations: 1391)


Started GET "/" for 127.0.0.1 at 2022-06-06 16:21:38 +0000
Processing by Rails::WelcomeController#index as */*
  Rendering /usr/local/bundle/gems/railties-7.0.3/lib/rails/templates/rails/welcome/index.html.erb
  Rendered /usr/local/bundle/gems/railties-7.0.3/lib/rails/templates/rails/welcome/index.html.erb (Duration: 0.1ms | Allocations: 31)
Completed 200 OK in 1ms (Views: 0.7ms | Allocations: 335)


Started GET "/" for 127.0.0.1 at 2022-06-06 16:22:00 +0000
  
ActionController::RoutingError (uninitialized constant ArticlesController
Did you mean?  AbstractController):
  
Started GET "/" for 127.0.0.1 at 2022-06-06 16:22:20 +0000
Processing by Rails::WelcomeController#index as */*
  Rendering /usr/local/bundle/gems/railties-7.0.3/lib/rails/templates/rails/welcome/index.html.erb
  Rendered /usr/local/bundle/gems/railties-7.0.3/lib/rails/templates/rails/welcome/index.html.erb (Duration: 5.2ms | Allocations: 725)
Completed 200 OK in 38ms (Views: 19.9ms | Allocations: 3894)


Started GET "/" for 127.0.0.1 at 2022-06-06 16:22:48 +0000
Processing by Rails::WelcomeController#index as */*
  Rendering /usr/local/bundle/gems/railties-7.0.3/lib/rails/templates/rails/welcome/index.html.erb
  Rendered /usr/local/bundle/gems/railties-7.0.3/lib/rails/templates/rails/welcome/index.html.erb (Duration: 0.7ms | Allocations: 405)
Completed 200 OK in 2ms (Views: 1.7ms | Allocations: 1395)


Started GET "/" for 127.0.0.1 at 2022-06-06 16:23:17 +0000
Processing by HelloController#hello as */*
Completed 200 OK in 13ms (Views: 0.1ms | Allocations: 13100)


Started GET "/fucke" for 127.0.0.1 at 2022-06-06 16:23:20 +0000
Processing by HelloController#hello as */*
  Parameters: {"path"=>"fucke"}
Completed 200 OK in 0ms (Views: 0.1ms | Allocations: 84)


